<?xml version="1.0" encoding="UTF-8"?>
<TestRun id="f302b337-046a-43ca-a6f3-3dccc8bbc0ac" name="cezar@CEZAR-HP 2012-07-27 18:15:46" runUser="cezar-HP\cezar" xmlns="http://microsoft.com/schemas/VisualStudio/TeamTest/2010">
  <TestSettings name="Local" id="3740fb54-692b-4acc-b3b6-d647341643d6">
    <Description>These are default test settings for a local test run.</Description>
    <Deployment enabled="false" runDeploymentRoot="cezar_CEZAR-HP 2012-07-27 18_15_46">
      <DeploymentItem filename="C:\Users\cezar\MvcAA\MvcAutoAuction1\packages\EntityFramework.4.1.10331.0\lib\EntityFramework.dll" />
      <DeploymentItem filename="C:\Users\cezar\MvcAA\MvcAutoAuction1\MvcAutoAuction\bin\MvcAutoAuction.dll" />
    </Deployment>
    <Execution>
      <TestTypeSpecific />
      <AgentRule name="Execution Agents">
      </AgentRule>
    </Execution>
  </TestSettings>
  <Times creation="2012-07-27T18:15:46.3896410+01:00" queuing="2012-07-27T18:15:46.5046476+01:00" start="2012-07-27T18:15:46.5416497+01:00" finish="2012-07-27T18:15:47.0676798+01:00" />
  <ResultSummary outcome="Completed">
    <Counters total="4" executed="4" passed="4" error="0" failed="0" timeout="0" aborted="0" inconclusive="0" passedButRunAborted="0" notRunnable="0" notExecuted="0" disconnected="0" warning="0" completed="0" inProgress="0" pending="0" />
  </ResultSummary>
  <TestDefinitions>
    <UnitTest name="CatalogDALConstructorTest" storage="c:\users\cezar\mvcaa\mvcautoauction1\mvcautoauction.tests\bin\debug\mvcautoauction.tests.dll" id="9c977e4c-fc8d-15f6-451c-b0933f711ce1">
      <Execution id="62785654-1975-4314-bba6-e3767d5fb040" />
      <TestMethod codeBase="C:/Users/cezar/MvcAA/MvcAutoAuction1/MvcAutoAuction.Tests/bin/Debug/MvcAutoAuction.Tests.DLL" adapterTypeName="Microsoft.VisualStudio.TestTools.TestTypes.Unit.UnitTestAdapter, Microsoft.VisualStudio.QualityTools.Tips.UnitTest.Adapter, Version=10.0.0.0, Culture=neutral, PublicKeyToken=b03f5f7f11d50a3a" className="MvcAutoAuction.Tests.CatalogManagerDALTest, MvcAutoAuction.Tests, Version=1.0.0.0, Culture=neutral, PublicKeyToken=null" name="CatalogDALConstructorTest" />
    </UnitTest>
    <UnitTest name="HomeDALConstructorTest" storage="c:\users\cezar\mvcaa\mvcautoauction1\mvcautoauction.tests\bin\debug\mvcautoauction.tests.dll" id="59059c7f-cf7b-ff78-05ce-474a4dc7e7fc">
      <Execution id="6fb73b57-8fc4-4553-b2ce-c0a0bfb4828b" />
      <TestMethod codeBase="C:/Users/cezar/MvcAA/MvcAutoAuction1/MvcAutoAuction.Tests/bin/Debug/MvcAutoAuction.Tests.DLL" adapterTypeName="Microsoft.VisualStudio.TestTools.TestTypes.Unit.UnitTestAdapter, Microsoft.VisualStudio.QualityTools.Tips.UnitTest.Adapter, Version=10.0.0.0, Culture=neutral, PublicKeyToken=b03f5f7f11d50a3a" className="MvcAutoAuction.Tests.HomeDALTest, MvcAutoAuction.Tests, Version=1.0.0.0, Culture=neutral, PublicKeyToken=null" name="HomeDALConstructorTest" />
    </UnitTest>
    <UnitTest name="BiddingForm" storage="c:\users\cezar\mvcaa\mvcautoauction1\mvcautoauction.tests\bin\debug\mvcautoauction.tests.dll" id="b8c21f3d-abff-3ddb-717f-b2a6949fc9d0">
      <Execution id="9d3081eb-d3e7-4b52-ad74-49f3f2aa94ec" />
      <TestMethod codeBase="C:/Users/cezar/MvcAA/MvcAutoAuction1/MvcAutoAuction.Tests/bin/Debug/MvcAutoAuction.Tests.DLL" adapterTypeName="Microsoft.VisualStudio.TestTools.TestTypes.Unit.UnitTestAdapter, Microsoft.VisualStudio.QualityTools.Tips.UnitTest.Adapter, Version=10.0.0.0, Culture=neutral, PublicKeyToken=b03f5f7f11d50a3a" className="MvcAutoAuction.Tests.BidControllerTest, MvcAutoAuction.Tests, Version=1.0.0.0, Culture=neutral, PublicKeyToken=null" name="BiddingForm" />
    </UnitTest>
    <UnitTest name="CatalogDALConstructorTest" storage="c:\users\cezar\mvcaa\mvcautoauction1\mvcautoauction.tests\bin\debug\mvcautoauction.tests.dll" id="99d3826e-9cf8-f798-7943-f58407047fac">
      <Execution id="2e0bd8f9-7b04-4fa5-a715-b387854c901a" />
      <TestMethod codeBase="C:/Users/cezar/MvcAA/MvcAutoAuction1/MvcAutoAuction.Tests/bin/Debug/MvcAutoAuction.Tests.DLL" adapterTypeName="Microsoft.VisualStudio.TestTools.TestTypes.Unit.UnitTestAdapter, Microsoft.VisualStudio.QualityTools.Tips.UnitTest.Adapter, Version=10.0.0.0, Culture=neutral, PublicKeyToken=b03f5f7f11d50a3a" className="MvcAutoAuction.Tests.CatalogDALTest, MvcAutoAuction.Tests, Version=1.0.0.0, Culture=neutral, PublicKeyToken=null" name="CatalogDALConstructorTest" />
    </UnitTest>
  </TestDefinitions>
  <TestLists>
    <TestList name="Results Not in a List" id="8c84fa94-04c1-424b-9868-57a2d4851a1d" />
    <TestList name="All Loaded Results" id="19431567-8539-422a-85d7-44ee4e166bda" />
  </TestLists>
  <TestEntries>
    <TestEntry testId="59059c7f-cf7b-ff78-05ce-474a4dc7e7fc" executionId="6fb73b57-8fc4-4553-b2ce-c0a0bfb4828b" testListId="8c84fa94-04c1-424b-9868-57a2d4851a1d" />
    <TestEntry testId="99d3826e-9cf8-f798-7943-f58407047fac" executionId="2e0bd8f9-7b04-4fa5-a715-b387854c901a" testListId="8c84fa94-04c1-424b-9868-57a2d4851a1d" />
    <TestEntry testId="9c977e4c-fc8d-15f6-451c-b0933f711ce1" executionId="62785654-1975-4314-bba6-e3767d5fb040" testListId="8c84fa94-04c1-424b-9868-57a2d4851a1d" />
    <TestEntry testId="b8c21f3d-abff-3ddb-717f-b2a6949fc9d0" executionId="9d3081eb-d3e7-4b52-ad74-49f3f2aa94ec" testListId="8c84fa94-04c1-424b-9868-57a2d4851a1d" />
  </TestEntries>
  <Results>
    <UnitTestResult executionId="6fb73b57-8fc4-4553-b2ce-c0a0bfb4828b" testId="59059c7f-cf7b-ff78-05ce-474a4dc7e7fc" testName="HomeDALConstructorTest" computerName="CEZAR-HP" duration="00:00:00.0742781" startTime="2012-07-27T18:15:46.5636509+01:00" endTime="2012-07-27T18:15:46.9796747+01:00" testType="13cdc9d9-ddb5-4fa4-a97d-d965ccfc6d4b" outcome="Passed" testListId="8c84fa94-04c1-424b-9868-57a2d4851a1d" relativeResultsDirectory="6fb73b57-8fc4-4553-b2ce-c0a0bfb4828b">
    </UnitTestResult>
    <UnitTestResult executionId="2e0bd8f9-7b04-4fa5-a715-b387854c901a" testId="99d3826e-9cf8-f798-7943-f58407047fac" testName="CatalogDALConstructorTest" computerName="CEZAR-HP" duration="00:00:00.0006364" startTime="2012-07-27T18:15:46.9816748+01:00" endTime="2012-07-27T18:15:46.9876752+01:00" testType="13cdc9d9-ddb5-4fa4-a97d-d965ccfc6d4b" outcome="Passed" testListId="8c84fa94-04c1-424b-9868-57a2d4851a1d" relativeResultsDirectory="2e0bd8f9-7b04-4fa5-a715-b387854c901a">
    </UnitTestResult>
    <UnitTestResult executionId="62785654-1975-4314-bba6-e3767d5fb040" testId="9c977e4c-fc8d-15f6-451c-b0933f711ce1" testName="CatalogDALConstructorTest" computerName="CEZAR-HP" duration="00:00:00.0013617" startTime="2012-07-27T18:15:46.9896753+01:00" endTime="2012-07-27T18:15:46.9966757+01:00" testType="13cdc9d9-ddb5-4fa4-a97d-d965ccfc6d4b" outcome="Passed" testListId="8c84fa94-04c1-424b-9868-57a2d4851a1d" relativeResultsDirectory="62785654-1975-4314-bba6-e3767d5fb040">
    </UnitTestResult>
    <UnitTestResult executionId="9d3081eb-d3e7-4b52-ad74-49f3f2aa94ec" testId="b8c21f3d-abff-3ddb-717f-b2a6949fc9d0" testName="BiddingForm" computerName="CEZAR-HP" duration="00:00:00.0206923" startTime="2012-07-27T18:15:46.9996759+01:00" endTime="2012-07-27T18:15:47.0366780+01:00" testType="13cdc9d9-ddb5-4fa4-a97d-d965ccfc6d4b" outcome="Passed" testListId="8c84fa94-04c1-424b-9868-57a2d4851a1d" relativeResultsDirectory="9d3081eb-d3e7-4b52-ad74-49f3f2aa94ec">
    </UnitTestResult>
  </Results>
</TestRun>