<?xml version="1.0" encoding="UTF-8"?>
<TestRun id="a8bb8599-e414-48cd-a674-383406816d55" name="cezar@CEZAR-HP 2012-07-27 17:25:27" runUser="cezar-HP\cezar" xmlns="http://microsoft.com/schemas/VisualStudio/TeamTest/2010">
  <TestSettings name="Local" id="3740fb54-692b-4acc-b3b6-d647341643d6">
    <Description>These are default test settings for a local test run.</Description>
    <Deployment enabled="false" runDeploymentRoot="cezar_CEZAR-HP 2012-07-27 17_25_27">
      <DeploymentItem filename="C:\Users\cezar\MvcAA\MvcAutoAuction1\packages\EntityFramework.4.1.10331.0\lib\EntityFramework.dll" />
      <DeploymentItem filename="C:\Users\cezar\MvcAA\MvcAutoAuction1\MvcAutoAuction\bin\MvcAutoAuction.dll" />
    </Deployment>
    <Execution>
      <TestTypeSpecific />
      <AgentRule name="Execution Agents">
      </AgentRule>
    </Execution>
  </TestSettings>
  <Times creation="2012-07-27T17:25:27.6860544+01:00" queuing="2012-07-27T17:25:34.0394178+01:00" start="2012-07-27T17:25:34.1774257+01:00" finish="2012-07-27T17:25:37.4916152+01:00" />
  <ResultSummary outcome="Completed">
    <Counters total="3" executed="3" passed="3" error="0" failed="0" timeout="0" aborted="0" inconclusive="0" passedButRunAborted="0" notRunnable="0" notExecuted="0" disconnected="0" warning="0" completed="0" inProgress="0" pending="0" />
  </ResultSummary>
  <TestDefinitions>
    <UnitTest name="HomeDALConstructorTest" storage="c:\users\cezar\mvcaa\mvcautoauction1\mvcautoauction.tests\bin\debug\mvcautoauction.tests.dll" id="59059c7f-cf7b-ff78-05ce-474a4dc7e7fc">
      <Execution id="04cdabd2-3638-4a01-8d37-70690a5aa0a7" />
      <TestMethod codeBase="C:/Users/cezar/MvcAA/MvcAutoAuction1/MvcAutoAuction.Tests/bin/Debug/MvcAutoAuction.Tests.DLL" adapterTypeName="Microsoft.VisualStudio.TestTools.TestTypes.Unit.UnitTestAdapter, Microsoft.VisualStudio.QualityTools.Tips.UnitTest.Adapter, Version=10.0.0.0, Culture=neutral, PublicKeyToken=b03f5f7f11d50a3a" className="MvcAutoAuction.Tests.HomeDALTest, MvcAutoAuction.Tests, Version=1.0.0.0, Culture=neutral, PublicKeyToken=null" name="HomeDALConstructorTest" />
    </UnitTest>
    <UnitTest name="BiddingForm" storage="c:\users\cezar\mvcaa\mvcautoauction1\mvcautoauction.tests\bin\debug\mvcautoauction.tests.dll" id="b8c21f3d-abff-3ddb-717f-b2a6949fc9d0">
      <Execution id="259cfa92-99bb-461e-90fe-9127f795a2da" />
      <TestMethod codeBase="C:/Users/cezar/MvcAA/MvcAutoAuction1/MvcAutoAuction.Tests/bin/Debug/MvcAutoAuction.Tests.DLL" adapterTypeName="Microsoft.VisualStudio.TestTools.TestTypes.Unit.UnitTestAdapter, Microsoft.VisualStudio.QualityTools.Tips.UnitTest.Adapter, Version=10.0.0.0, Culture=neutral, PublicKeyToken=b03f5f7f11d50a3a" className="MvcAutoAuction.Tests.BidControllerTest, MvcAutoAuction.Tests, Version=1.0.0.0, Culture=neutral, PublicKeyToken=null" name="BiddingForm" />
    </UnitTest>
    <UnitTest name="CatalogDALConstructorTest" storage="c:\users\cezar\mvcaa\mvcautoauction1\mvcautoauction.tests\bin\debug\mvcautoauction.tests.dll" id="99d3826e-9cf8-f798-7943-f58407047fac">
      <Execution id="0f4fbf15-ef46-4d84-9071-3a9e94bcbaaa" />
      <TestMethod codeBase="C:/Users/cezar/MvcAA/MvcAutoAuction1/MvcAutoAuction.Tests/bin/Debug/MvcAutoAuction.Tests.DLL" adapterTypeName="Microsoft.VisualStudio.TestTools.TestTypes.Unit.UnitTestAdapter, Microsoft.VisualStudio.QualityTools.Tips.UnitTest.Adapter, Version=10.0.0.0, Culture=neutral, PublicKeyToken=b03f5f7f11d50a3a" className="MvcAutoAuction.Tests.CatalogDALTest, MvcAutoAuction.Tests, Version=1.0.0.0, Culture=neutral, PublicKeyToken=null" name="CatalogDALConstructorTest" />
    </UnitTest>
  </TestDefinitions>
  <TestLists>
    <TestList name="Results Not in a List" id="8c84fa94-04c1-424b-9868-57a2d4851a1d" />
    <TestList name="All Loaded Results" id="19431567-8539-422a-85d7-44ee4e166bda" />
  </TestLists>
  <TestEntries>
    <TestEntry testId="59059c7f-cf7b-ff78-05ce-474a4dc7e7fc" executionId="04cdabd2-3638-4a01-8d37-70690a5aa0a7" testListId="8c84fa94-04c1-424b-9868-57a2d4851a1d" />
    <TestEntry testId="99d3826e-9cf8-f798-7943-f58407047fac" executionId="0f4fbf15-ef46-4d84-9071-3a9e94bcbaaa" testListId="8c84fa94-04c1-424b-9868-57a2d4851a1d" />
    <TestEntry testId="b8c21f3d-abff-3ddb-717f-b2a6949fc9d0" executionId="259cfa92-99bb-461e-90fe-9127f795a2da" testListId="8c84fa94-04c1-424b-9868-57a2d4851a1d" />
  </TestEntries>
  <Results>
    <UnitTestResult executionId="04cdabd2-3638-4a01-8d37-70690a5aa0a7" testId="59059c7f-cf7b-ff78-05ce-474a4dc7e7fc" testName="HomeDALConstructorTest" computerName="CEZAR-HP" duration="00:00:00.8098379" startTime="2012-07-27T17:25:34.3454353+01:00" endTime="2012-07-27T17:25:36.8635793+01:00" testType="13cdc9d9-ddb5-4fa4-a97d-d965ccfc6d4b" outcome="Passed" testListId="8c84fa94-04c1-424b-9868-57a2d4851a1d" relativeResultsDirectory="04cdabd2-3638-4a01-8d37-70690a5aa0a7">
    </UnitTestResult>
    <UnitTestResult executionId="0f4fbf15-ef46-4d84-9071-3a9e94bcbaaa" testId="99d3826e-9cf8-f798-7943-f58407047fac" testName="CatalogDALConstructorTest" computerName="CEZAR-HP" duration="00:00:00.0007319" startTime="2012-07-27T17:25:36.9035816+01:00" endTime="2012-07-27T17:25:36.9125821+01:00" testType="13cdc9d9-ddb5-4fa4-a97d-d965ccfc6d4b" outcome="Passed" testListId="8c84fa94-04c1-424b-9868-57a2d4851a1d" relativeResultsDirectory="0f4fbf15-ef46-4d84-9071-3a9e94bcbaaa">
    </UnitTestResult>
    <UnitTestResult executionId="259cfa92-99bb-461e-90fe-9127f795a2da" testId="b8c21f3d-abff-3ddb-717f-b2a6949fc9d0" testName="BiddingForm" computerName="CEZAR-HP" duration="00:00:00.3980295" startTime="2012-07-27T17:25:36.9225827+01:00" endTime="2012-07-27T17:25:37.3296060+01:00" testType="13cdc9d9-ddb5-4fa4-a97d-d965ccfc6d4b" outcome="Passed" testListId="8c84fa94-04c1-424b-9868-57a2d4851a1d" relativeResultsDirectory="259cfa92-99bb-461e-90fe-9127f795a2da">
    </UnitTestResult>
  </Results>
</TestRun>