<?xml version="1.0" encoding="UTF-8"?>
<TestRun id="d91de2f2-abc8-48b8-984c-ae8b7ab838a1" name="cezar@CEZAR-HP 2012-07-27 15:33:22" runUser="cezar-HP\cezar" xmlns="http://microsoft.com/schemas/VisualStudio/TeamTest/2010">
  <TestSettings name="Local" id="3740fb54-692b-4acc-b3b6-d647341643d6">
    <Description>These are default test settings for a local test run.</Description>
    <Deployment enabled="false" runDeploymentRoot="cezar_CEZAR-HP 2012-07-27 15_33_22">
      <DeploymentItem filename="C:\Users\cezar\MvcAA\MvcAutoAuction1\packages\EntityFramework.4.1.10331.0\lib\EntityFramework.dll" />
      <DeploymentItem filename="C:\Users\cezar\MvcAA\MvcAutoAuction1\MvcAutoAuction\bin\MvcAutoAuction.dll" />
    </Deployment>
    <Execution>
      <TestTypeSpecific />
      <AgentRule name="Execution Agents">
      </AgentRule>
    </Execution>
  </TestSettings>
  <Times creation="2012-07-27T15:33:22.1750056+01:00" queuing="2012-07-27T15:33:22.5990299+01:00" start="2012-07-27T15:33:22.6510328+01:00" finish="2012-07-27T15:33:23.3320718+01:00" />
  <ResultSummary outcome="Failed">
    <Counters total="2" executed="2" passed="1" error="0" failed="1" timeout="0" aborted="0" inconclusive="0" passedButRunAborted="0" notRunnable="0" notExecuted="0" disconnected="0" warning="0" completed="0" inProgress="0" pending="0" />
  </ResultSummary>
  <TestDefinitions>
    <UnitTest name="BiddingForm" storage="c:\users\cezar\mvcaa\mvcautoauction1\mvcautoauction.tests\bin\debug\mvcautoauction.tests.dll" id="b8c21f3d-abff-3ddb-717f-b2a6949fc9d0">
      <Execution id="b529df3c-f440-4fcd-9309-27a481ff883d" />
      <TestMethod codeBase="C:/Users/cezar/MvcAA/MvcAutoAuction1/MvcAutoAuction.Tests/bin/Debug/MvcAutoAuction.Tests.DLL" adapterTypeName="Microsoft.VisualStudio.TestTools.TestTypes.Unit.UnitTestAdapter, Microsoft.VisualStudio.QualityTools.Tips.UnitTest.Adapter, Version=10.0.0.0, Culture=neutral, PublicKeyToken=b03f5f7f11d50a3a" className="MvcAutoAuction.Tests.BidControllerTest, MvcAutoAuction.Tests, Version=1.0.0.0, Culture=neutral, PublicKeyToken=null" name="BiddingForm" />
    </UnitTest>
    <UnitTest name="Index" storage="c:\users\cezar\mvcaa\mvcautoauction1\mvcautoauction.tests\bin\debug\mvcautoauction.tests.dll" id="bbd51bd4-4882-4898-ceca-de2d57b86e12">
      <Execution id="f09b244f-0090-4c4e-a88a-302120810dad" />
      <TestMethod codeBase="C:/Users/cezar/MvcAA/MvcAutoAuction1/MvcAutoAuction.Tests/bin/Debug/MvcAutoAuction.Tests.DLL" adapterTypeName="Microsoft.VisualStudio.TestTools.TestTypes.Unit.UnitTestAdapter, Microsoft.VisualStudio.QualityTools.Tips.UnitTest.Adapter, Version=10.0.0.0, Culture=neutral, PublicKeyToken=b03f5f7f11d50a3a" className="MvcAutoAuction.Tests.ShoppingCartControllerTest, MvcAutoAuction.Tests, Version=1.0.0.0, Culture=neutral, PublicKeyToken=null" name="Index" />
    </UnitTest>
  </TestDefinitions>
  <TestLists>
    <TestList name="Results Not in a List" id="8c84fa94-04c1-424b-9868-57a2d4851a1d" />
    <TestList name="All Loaded Results" id="19431567-8539-422a-85d7-44ee4e166bda" />
  </TestLists>
  <TestEntries>
    <TestEntry testId="b8c21f3d-abff-3ddb-717f-b2a6949fc9d0" executionId="b529df3c-f440-4fcd-9309-27a481ff883d" testListId="8c84fa94-04c1-424b-9868-57a2d4851a1d" />
    <TestEntry testId="bbd51bd4-4882-4898-ceca-de2d57b86e12" executionId="f09b244f-0090-4c4e-a88a-302120810dad" testListId="8c84fa94-04c1-424b-9868-57a2d4851a1d" />
  </TestEntries>
  <Results>
    <UnitTestResult executionId="b529df3c-f440-4fcd-9309-27a481ff883d" testId="b8c21f3d-abff-3ddb-717f-b2a6949fc9d0" testName="BiddingForm" computerName="CEZAR-HP" duration="00:00:00.1145539" startTime="2012-07-27T15:33:22.6770343+01:00" endTime="2012-07-27T15:33:23.2320661+01:00" testType="13cdc9d9-ddb5-4fa4-a97d-d965ccfc6d4b" outcome="Passed" testListId="8c84fa94-04c1-424b-9868-57a2d4851a1d" relativeResultsDirectory="b529df3c-f440-4fcd-9309-27a481ff883d">
    </UnitTestResult>
    <UnitTestResult executionId="f09b244f-0090-4c4e-a88a-302120810dad" testId="bbd51bd4-4882-4898-ceca-de2d57b86e12" testName="Index" computerName="CEZAR-HP" duration="00:00:00.0388129" startTime="2012-07-27T15:33:23.2450668+01:00" endTime="2012-07-27T15:33:23.2970698+01:00" testType="13cdc9d9-ddb5-4fa4-a97d-d965ccfc6d4b" outcome="Failed" testListId="8c84fa94-04c1-424b-9868-57a2d4851a1d" relativeResultsDirectory="f09b244f-0090-4c4e-a88a-302120810dad">
      <Output>
        <ErrorInfo>
          <Message>Test method MvcAutoAuction.Tests.ShoppingCartControllerTest.Index threw exception: 
System.NullReferenceException: Object reference not set to an instance of an object.</Message>
          <StackTrace>    at MvcAutoAuction.logic.ShoppingCart.GetCartId(HttpContextBase context) in C:\Users\cezar\MvcAA\MvcAutoAuction1\MvcAutoAuction\logic\ShoppingCart.cs:line 156
   at MvcAutoAuction.logic.ShoppingCart.GetCart(HttpContextBase context) in C:\Users\cezar\MvcAA\MvcAutoAuction1\MvcAutoAuction\logic\ShoppingCart.cs:line 20
   at MvcAutoAuction.Controllers.ShoppingCartController.Index() in C:\Users\cezar\MvcAA\MvcAutoAuction1\MvcAutoAuction\Controllers\ShoppingCartController.cs:line 18
   at MvcAutoAuction.Tests.ShoppingCartControllerTest.Index() in C:\Users\cezar\MvcAA\MvcAutoAuction1\MvcAutoAuction.Tests\ShoppingCartControllerTest.cs:line 19
</StackTrace>
        </ErrorInfo>
      </Output>
    </UnitTestResult>
  </Results>
</TestRun>