<?xml version="1.0" encoding="UTF-8"?>
<TestRun id="5f436e37-34a4-4559-b0ea-b352e82b9f5f" name="cezar@CEZAR-HP 2012-07-27 15:25:41" runUser="cezar-HP\cezar" xmlns="http://microsoft.com/schemas/VisualStudio/TeamTest/2010">
  <TestSettings name="Local" id="3740fb54-692b-4acc-b3b6-d647341643d6">
    <Description>These are default test settings for a local test run.</Description>
    <Deployment enabled="false" runDeploymentRoot="cezar_CEZAR-HP 2012-07-27 15_25_41">
      <DeploymentItem filename="C:\Users\cezar\MvcAA\MvcAutoAuction1\packages\EntityFramework.4.1.10331.0\lib\EntityFramework.dll" />
      <DeploymentItem filename="C:\Users\cezar\MvcAA\MvcAutoAuction1\MvcAutoAuction\bin\MvcAutoAuction.dll" />
    </Deployment>
    <Execution>
      <TestTypeSpecific />
      <AgentRule name="Execution Agents">
      </AgentRule>
    </Execution>
  </TestSettings>
  <Times creation="2012-07-27T15:25:41.9656831+01:00" queuing="2012-07-27T15:25:42.0836899+01:00" start="2012-07-27T15:25:42.1036910+01:00" finish="2012-07-27T15:25:43.6837814+01:00" />
  <ResultSummary outcome="Failed">
    <Counters total="3" executed="3" passed="1" error="0" failed="2" timeout="0" aborted="0" inconclusive="0" passedButRunAborted="0" notRunnable="0" notExecuted="0" disconnected="0" warning="0" completed="0" inProgress="0" pending="0" />
  </ResultSummary>
  <TestDefinitions>
    <UnitTest name="Index" storage="c:\users\cezar\mvcaa\mvcautoauction1\mvcautoauction.tests\bin\debug\mvcautoauction.tests.dll" id="f9ceb879-b17e-bbe2-2ee1-0ff264713a48">
      <Execution id="450167d4-7242-4f6d-b57b-0fc3c46dd8bb" />
      <TestMethod codeBase="C:/Users/cezar/MvcAA/MvcAutoAuction1/MvcAutoAuction.Tests/bin/Debug/MvcAutoAuction.Tests.DLL" adapterTypeName="Microsoft.VisualStudio.TestTools.TestTypes.Unit.UnitTestAdapter, Microsoft.VisualStudio.QualityTools.Tips.UnitTest.Adapter, Version=10.0.0.0, Culture=neutral, PublicKeyToken=b03f5f7f11d50a3a" className="MvcAutoAuction.Tests.CatalogControllerTest, MvcAutoAuction.Tests, Version=1.0.0.0, Culture=neutral, PublicKeyToken=null" name="Index" />
    </UnitTest>
    <UnitTest name="Index" storage="c:\users\cezar\mvcaa\mvcautoauction1\mvcautoauction.tests\bin\debug\mvcautoauction.tests.dll" id="2abe07a0-95b8-d072-6a6e-5f954b701e60">
      <Execution id="7308c8b9-bf02-447b-96e7-2e331e8c0c97" />
      <TestMethod codeBase="C:/Users/cezar/MvcAA/MvcAutoAuction1/MvcAutoAuction.Tests/bin/Debug/MvcAutoAuction.Tests.DLL" adapterTypeName="Microsoft.VisualStudio.TestTools.TestTypes.Unit.UnitTestAdapter, Microsoft.VisualStudio.QualityTools.Tips.UnitTest.Adapter, Version=10.0.0.0, Culture=neutral, PublicKeyToken=b03f5f7f11d50a3a" className="MvcAutoAuction.Tests.CatalogManagerControllerTest, MvcAutoAuction.Tests, Version=1.0.0.0, Culture=neutral, PublicKeyToken=null" name="Index" />
    </UnitTest>
    <UnitTest name="BiddingForm" storage="c:\users\cezar\mvcaa\mvcautoauction1\mvcautoauction.tests\bin\debug\mvcautoauction.tests.dll" id="b8c21f3d-abff-3ddb-717f-b2a6949fc9d0">
      <Execution id="7a7e43c1-1212-4efb-a4e3-8aa575f7ce4d" />
      <TestMethod codeBase="C:/Users/cezar/MvcAA/MvcAutoAuction1/MvcAutoAuction.Tests/bin/Debug/MvcAutoAuction.Tests.DLL" adapterTypeName="Microsoft.VisualStudio.TestTools.TestTypes.Unit.UnitTestAdapter, Microsoft.VisualStudio.QualityTools.Tips.UnitTest.Adapter, Version=10.0.0.0, Culture=neutral, PublicKeyToken=b03f5f7f11d50a3a" className="MvcAutoAuction.Tests.BidControllerTest, MvcAutoAuction.Tests, Version=1.0.0.0, Culture=neutral, PublicKeyToken=null" name="BiddingForm" />
    </UnitTest>
  </TestDefinitions>
  <TestLists>
    <TestList name="Results Not in a List" id="8c84fa94-04c1-424b-9868-57a2d4851a1d" />
    <TestList name="All Loaded Results" id="19431567-8539-422a-85d7-44ee4e166bda" />
  </TestLists>
  <TestEntries>
    <TestEntry testId="2abe07a0-95b8-d072-6a6e-5f954b701e60" executionId="7308c8b9-bf02-447b-96e7-2e331e8c0c97" testListId="8c84fa94-04c1-424b-9868-57a2d4851a1d" />
    <TestEntry testId="b8c21f3d-abff-3ddb-717f-b2a6949fc9d0" executionId="7a7e43c1-1212-4efb-a4e3-8aa575f7ce4d" testListId="8c84fa94-04c1-424b-9868-57a2d4851a1d" />
    <TestEntry testId="f9ceb879-b17e-bbe2-2ee1-0ff264713a48" executionId="450167d4-7242-4f6d-b57b-0fc3c46dd8bb" testListId="8c84fa94-04c1-424b-9868-57a2d4851a1d" />
  </TestEntries>
  <Results>
    <UnitTestResult executionId="7308c8b9-bf02-447b-96e7-2e331e8c0c97" testId="2abe07a0-95b8-d072-6a6e-5f954b701e60" testName="Index" computerName="CEZAR-HP" duration="00:00:01.0823488" startTime="2012-07-27T15:25:42.1556940+01:00" endTime="2012-07-27T15:25:43.5977765+01:00" testType="13cdc9d9-ddb5-4fa4-a97d-d965ccfc6d4b" outcome="Failed" testListId="8c84fa94-04c1-424b-9868-57a2d4851a1d" relativeResultsDirectory="7308c8b9-bf02-447b-96e7-2e331e8c0c97">
      <Output>
        <ErrorInfo>
          <Message>Test method MvcAutoAuction.Tests.CatalogManagerControllerTest.Index threw exception: 
System.InvalidOperationException: The model backing the 'AutoAuctionEntities' context has changed since the database was created. Either manually delete/update the database, or call Database.SetInitializer with an IDatabaseInitializer instance. For example, the DropCreateDatabaseIfModelChanges strategy will automatically delete and recreate the database, and optionally seed it with new data.</Message>
          <StackTrace>    at System.Data.Entity.CreateDatabaseIfNotExists`1.InitializeDatabase(TContext context)
   at System.Data.Entity.Internal.InternalContext.&lt;&gt;c__DisplayClass5.&lt;PerformDatabaseInitialization&gt;b__3()
   at System.Data.Entity.Internal.InternalContext.PerformInitializationAction(Action action)
   at System.Data.Entity.Internal.InternalContext.PerformDatabaseInitialization()
   at System.Data.Entity.Internal.LazyInternalContext.&lt;InitializeDatabase&gt;b__4(InternalContext c)
   at System.Data.Entity.Internal.RetryAction`1.PerformAction(TInput input)
   at System.Data.Entity.Internal.LazyInternalContext.InitializeDatabaseAction(Action`1 action)
   at System.Data.Entity.Internal.LazyInternalContext.InitializeDatabase()
   at System.Data.Entity.Internal.InternalContext.GetEntitySetAndBaseTypeForType(Type entityType)
   at System.Data.Entity.Internal.Linq.InternalSet`1.Initialize()
   at System.Data.Entity.Internal.Linq.InternalSet`1.Include(String path)
   at System.Data.Entity.Infrastructure.DbQuery`1.Include(String path)
   at System.Data.Entity.DbExtensions.Include[T](IQueryable`1 source, String path)
   at System.Data.Entity.DbExtensions.Include[T,TProperty](IQueryable`1 source, Expression`1 path)
   at MvcAutoAuction.dal.CatalogManagerDAL.indexCars() in C:\Users\cezar\MvcAA\MvcAutoAuction1\MvcAutoAuction\dal\CatalogManagerdal.cs:line 18
   at MvcAutoAuction.Controllers.CatalogManagerController.Index() in C:\Users\cezar\MvcAA\MvcAutoAuction1\MvcAutoAuction\Controllers\CatalogManagerController.cs:line 26
   at MvcAutoAuction.Tests.CatalogManagerControllerTest.Index() in C:\Users\cezar\MvcAA\MvcAutoAuction1\MvcAutoAuction.Tests\CatalogManagerControllerTest.cs:line 19
</StackTrace>
        </ErrorInfo>
      </Output>
    </UnitTestResult>
    <UnitTestResult executionId="7a7e43c1-1212-4efb-a4e3-8aa575f7ce4d" testId="b8c21f3d-abff-3ddb-717f-b2a6949fc9d0" testName="BiddingForm" computerName="CEZAR-HP" duration="00:00:00.0012916" startTime="2012-07-27T15:25:43.6087771+01:00" endTime="2012-07-27T15:25:43.6257781+01:00" testType="13cdc9d9-ddb5-4fa4-a97d-d965ccfc6d4b" outcome="Passed" testListId="8c84fa94-04c1-424b-9868-57a2d4851a1d" relativeResultsDirectory="7a7e43c1-1212-4efb-a4e3-8aa575f7ce4d">
    </UnitTestResult>
    <UnitTestResult executionId="450167d4-7242-4f6d-b57b-0fc3c46dd8bb" testId="f9ceb879-b17e-bbe2-2ee1-0ff264713a48" testName="Index" computerName="CEZAR-HP" duration="00:00:00.0108376" startTime="2012-07-27T15:25:43.6287783+01:00" endTime="2012-07-27T15:25:43.6527796+01:00" testType="13cdc9d9-ddb5-4fa4-a97d-d965ccfc6d4b" outcome="Failed" testListId="8c84fa94-04c1-424b-9868-57a2d4851a1d" relativeResultsDirectory="450167d4-7242-4f6d-b57b-0fc3c46dd8bb">
      <Output>
        <ErrorInfo>
          <Message>Test method MvcAutoAuction.Tests.CatalogControllerTest.Index threw exception: 
System.InvalidOperationException: The model backing the 'AutoAuctionEntities' context has changed since the database was created. Either manually delete/update the database, or call Database.SetInitializer with an IDatabaseInitializer instance. For example, the DropCreateDatabaseIfModelChanges strategy will automatically delete and recreate the database, and optionally seed it with new data.</Message>
          <StackTrace>    at System.Data.Entity.CreateDatabaseIfNotExists`1.InitializeDatabase(TContext context)
   at System.Data.Entity.Internal.InternalContext.&lt;&gt;c__DisplayClass5.&lt;PerformDatabaseInitialization&gt;b__3()
   at System.Data.Entity.Internal.InternalContext.PerformInitializationAction(Action action)
   at System.Data.Entity.Internal.InternalContext.PerformDatabaseInitialization()
   at System.Data.Entity.Internal.LazyInternalContext.&lt;InitializeDatabase&gt;b__4(InternalContext c)
   at System.Data.Entity.Internal.RetryAction`1.PerformAction(TInput input)
   at System.Data.Entity.Internal.LazyInternalContext.InitializeDatabaseAction(Action`1 action)
   at System.Data.Entity.Internal.LazyInternalContext.InitializeDatabase()
   at System.Data.Entity.Internal.InternalContext.GetEntitySetAndBaseTypeForType(Type entityType)
   at System.Data.Entity.Internal.Linq.InternalSet`1.Initialize()
   at System.Data.Entity.Internal.Linq.InternalSet`1.GetEnumerator()
   at System.Data.Entity.Infrastructure.DbQuery`1.System.Collections.Generic.IEnumerable&lt;TResult&gt;.GetEnumerator()
   at System.Collections.Generic.List`1..ctor(IEnumerable`1 collection)
   at System.Linq.Enumerable.ToList[TSource](IEnumerable`1 source)
   at MvcAutoAuction.dal.CatalogDAL.BrandsToList() in C:\Users\cezar\MvcAA\MvcAutoAuction1\MvcAutoAuction\dal\Catalogdal.cs:line 18
   at MvcAutoAuction.Controllers.CatalogController.Index() in C:\Users\cezar\MvcAA\MvcAutoAuction1\MvcAutoAuction\Controllers\CatalogController.cs:line 35
   at MvcAutoAuction.Tests.CatalogControllerTest.Index() in C:\Users\cezar\MvcAA\MvcAutoAuction1\MvcAutoAuction.Tests\CatalogControllerTest.cs:line 21
</StackTrace>
        </ErrorInfo>
      </Output>
    </UnitTestResult>
  </Results>
</TestRun>