<?xml version="1.0" encoding="UTF-8"?>
<TestRun id="0d99e49a-ca59-474f-9f14-1c8521b37401" name="cezar@CEZAR-HP 2012-07-27 16:35:31" runUser="cezar-HP\cezar" xmlns="http://microsoft.com/schemas/VisualStudio/TeamTest/2010">
  <TestSettings name="Local" id="3740fb54-692b-4acc-b3b6-d647341643d6">
    <Description>These are default test settings for a local test run.</Description>
    <Deployment enabled="false" runDeploymentRoot="cezar_CEZAR-HP 2012-07-27 16_35_31">
      <DeploymentItem filename="C:\Users\cezar\MvcAA\MvcAutoAuction1\packages\EntityFramework.4.1.10331.0\lib\EntityFramework.dll" />
      <DeploymentItem filename="C:\Users\cezar\MvcAA\MvcAutoAuction1\MvcAutoAuction\bin\MvcAutoAuction.dll" />
    </Deployment>
    <Execution>
      <TestTypeSpecific />
      <AgentRule name="Execution Agents">
      </AgentRule>
    </Execution>
  </TestSettings>
  <Times creation="2012-07-27T16:35:31.8868649+01:00" queuing="2012-07-27T16:35:31.9618692+01:00" start="2012-07-27T16:35:31.9818704+01:00" finish="2012-07-27T16:35:33.7849735+01:00" />
  <ResultSummary outcome="Failed">
    <Counters total="5" executed="5" error="0" failed="4" timeout="0" aborted="0" inconclusive="1" passedButRunAborted="0" notRunnable="0" notExecuted="0" disconnected="0" warning="0" passed="0" completed="0" inProgress="0" pending="0" />
  </ResultSummary>
  <TestDefinitions>
    <UnitTest name="IndexTest" storage="c:\users\cezar\mvcaa\mvcautoauction1\mvcautoauction.tests\bin\debug\mvcautoauction.tests.dll" id="a6a34cbd-2a74-2356-cc02-965fae72d0e3">
      <Execution id="c18bec50-3698-4710-9cd4-dbe7ee4f3b54" />
      <TestMethod codeBase="C:/Users/cezar/MvcAA/MvcAutoAuction1/MvcAutoAuction.Tests/bin/Debug/MvcAutoAuction.Tests.DLL" adapterTypeName="Microsoft.VisualStudio.TestTools.TestTypes.Unit.UnitTestAdapter, Microsoft.VisualStudio.QualityTools.Tips.UnitTest.Adapter, Version=10.0.0.0, Culture=neutral, PublicKeyToken=b03f5f7f11d50a3a" className="AutoAuctionTest.CatalogControllerTest, MvcAutoAuction.Tests, Version=1.0.0.0, Culture=neutral, PublicKeyToken=null" name="IndexTest" />
    </UnitTest>
    <UnitTest name="DetailsTest" storage="c:\users\cezar\mvcaa\mvcautoauction1\mvcautoauction.tests\bin\debug\mvcautoauction.tests.dll" id="85171bda-f0fa-e817-0798-b466eb64c9bb">
      <Execution id="98d7be07-4141-41b0-a855-a7d31609150d" />
      <TestMethod codeBase="C:/Users/cezar/MvcAA/MvcAutoAuction1/MvcAutoAuction.Tests/bin/Debug/MvcAutoAuction.Tests.DLL" adapterTypeName="Microsoft.VisualStudio.TestTools.TestTypes.Unit.UnitTestAdapter, Microsoft.VisualStudio.QualityTools.Tips.UnitTest.Adapter, Version=10.0.0.0, Culture=neutral, PublicKeyToken=b03f5f7f11d50a3a" className="AutoAuctionTest.CatalogControllerTest, MvcAutoAuction.Tests, Version=1.0.0.0, Culture=neutral, PublicKeyToken=null" name="DetailsTest" />
    </UnitTest>
    <UnitTest name="BrandMenuTest" storage="c:\users\cezar\mvcaa\mvcautoauction1\mvcautoauction.tests\bin\debug\mvcautoauction.tests.dll" id="4e495bd8-420d-a84b-2680-52d02cb44a75">
      <Execution id="96a85932-1788-42ac-82ea-d3db9d612e59" />
      <TestMethod codeBase="C:/Users/cezar/MvcAA/MvcAutoAuction1/MvcAutoAuction.Tests/bin/Debug/MvcAutoAuction.Tests.DLL" adapterTypeName="Microsoft.VisualStudio.TestTools.TestTypes.Unit.UnitTestAdapter, Microsoft.VisualStudio.QualityTools.Tips.UnitTest.Adapter, Version=10.0.0.0, Culture=neutral, PublicKeyToken=b03f5f7f11d50a3a" className="AutoAuctionTest.CatalogControllerTest, MvcAutoAuction.Tests, Version=1.0.0.0, Culture=neutral, PublicKeyToken=null" name="BrandMenuTest" />
    </UnitTest>
    <UnitTest name="CatalogControllerConstructorTest" storage="c:\users\cezar\mvcaa\mvcautoauction1\mvcautoauction.tests\bin\debug\mvcautoauction.tests.dll" id="26278976-9988-8169-ddd9-1da79e117bf2">
      <Execution id="ef4f5ed3-763c-4bcf-b3a6-341804b53746" />
      <TestMethod codeBase="C:/Users/cezar/MvcAA/MvcAutoAuction1/MvcAutoAuction.Tests/bin/Debug/MvcAutoAuction.Tests.DLL" adapterTypeName="Microsoft.VisualStudio.TestTools.TestTypes.Unit.UnitTestAdapter, Microsoft.VisualStudio.QualityTools.Tips.UnitTest.Adapter, Version=10.0.0.0, Culture=neutral, PublicKeyToken=b03f5f7f11d50a3a" className="AutoAuctionTest.CatalogControllerTest, MvcAutoAuction.Tests, Version=1.0.0.0, Culture=neutral, PublicKeyToken=null" name="CatalogControllerConstructorTest" />
    </UnitTest>
    <UnitTest name="BrowseTest" storage="c:\users\cezar\mvcaa\mvcautoauction1\mvcautoauction.tests\bin\debug\mvcautoauction.tests.dll" id="98f901f8-d8a8-287c-adbd-9576838af173">
      <Execution id="feff6c4c-1999-4a7f-bb40-65c1c8d78a41" />
      <TestMethod codeBase="C:/Users/cezar/MvcAA/MvcAutoAuction1/MvcAutoAuction.Tests/bin/Debug/MvcAutoAuction.Tests.DLL" adapterTypeName="Microsoft.VisualStudio.TestTools.TestTypes.Unit.UnitTestAdapter, Microsoft.VisualStudio.QualityTools.Tips.UnitTest.Adapter, Version=10.0.0.0, Culture=neutral, PublicKeyToken=b03f5f7f11d50a3a" className="AutoAuctionTest.CatalogControllerTest, MvcAutoAuction.Tests, Version=1.0.0.0, Culture=neutral, PublicKeyToken=null" name="BrowseTest" />
    </UnitTest>
  </TestDefinitions>
  <TestLists>
    <TestList name="Results Not in a List" id="8c84fa94-04c1-424b-9868-57a2d4851a1d" />
    <TestList name="All Loaded Results" id="19431567-8539-422a-85d7-44ee4e166bda" />
  </TestLists>
  <TestEntries>
    <TestEntry testId="26278976-9988-8169-ddd9-1da79e117bf2" executionId="ef4f5ed3-763c-4bcf-b3a6-341804b53746" testListId="8c84fa94-04c1-424b-9868-57a2d4851a1d" />
    <TestEntry testId="4e495bd8-420d-a84b-2680-52d02cb44a75" executionId="96a85932-1788-42ac-82ea-d3db9d612e59" testListId="8c84fa94-04c1-424b-9868-57a2d4851a1d" />
    <TestEntry testId="85171bda-f0fa-e817-0798-b466eb64c9bb" executionId="98d7be07-4141-41b0-a855-a7d31609150d" testListId="8c84fa94-04c1-424b-9868-57a2d4851a1d" />
    <TestEntry testId="98f901f8-d8a8-287c-adbd-9576838af173" executionId="feff6c4c-1999-4a7f-bb40-65c1c8d78a41" testListId="8c84fa94-04c1-424b-9868-57a2d4851a1d" />
    <TestEntry testId="a6a34cbd-2a74-2356-cc02-965fae72d0e3" executionId="c18bec50-3698-4710-9cd4-dbe7ee4f3b54" testListId="8c84fa94-04c1-424b-9868-57a2d4851a1d" />
  </TestEntries>
  <Results>
    <UnitTestResult executionId="ef4f5ed3-763c-4bcf-b3a6-341804b53746" testId="26278976-9988-8169-ddd9-1da79e117bf2" testName="CatalogControllerConstructorTest" computerName="CEZAR-HP" duration="00:00:00.2461641" startTime="2012-07-27T16:35:31.9998714+01:00" endTime="2012-07-27T16:35:32.6109063+01:00" testType="13cdc9d9-ddb5-4fa4-a97d-d965ccfc6d4b" outcome="Inconclusive" testListId="8c84fa94-04c1-424b-9868-57a2d4851a1d" relativeResultsDirectory="ef4f5ed3-763c-4bcf-b3a6-341804b53746">
      <Output>
        <ErrorInfo>
          <Message>Assert.Inconclusive failed. TODO: Implement code to verify target</Message>
          <StackTrace>   at AutoAuctionTest.CatalogControllerTest.CatalogControllerConstructorTest() in C:\Users\cezar\MvcAA\MvcAutoAuction1\MvcAutoAuction.Tests\CatalogControllerTest.cs:line 82
</StackTrace>
        </ErrorInfo>
      </Output>
    </UnitTestResult>
    <UnitTestResult executionId="96a85932-1788-42ac-82ea-d3db9d612e59" testId="4e495bd8-420d-a84b-2680-52d02cb44a75" testName="BrandMenuTest" computerName="CEZAR-HP" duration="00:00:01.0322613" startTime="2012-07-27T16:35:32.6149066+01:00" endTime="2012-07-27T16:35:33.6519659+01:00" testType="13cdc9d9-ddb5-4fa4-a97d-d965ccfc6d4b" outcome="Failed" testListId="8c84fa94-04c1-424b-9868-57a2d4851a1d" relativeResultsDirectory="96a85932-1788-42ac-82ea-d3db9d612e59">
      <Output>
        <ErrorInfo>
          <Message>Test method AutoAuctionTest.CatalogControllerTest.BrandMenuTest threw exception: 
System.InvalidOperationException: The model backing the 'AutoAuctionEntities' context has changed since the database was created. Either manually delete/update the database, or call Database.SetInitializer with an IDatabaseInitializer instance. For example, the DropCreateDatabaseIfModelChanges strategy will automatically delete and recreate the database, and optionally seed it with new data.</Message>
          <StackTrace>    at System.Data.Entity.CreateDatabaseIfNotExists`1.InitializeDatabase(TContext context)
   at System.Data.Entity.Internal.InternalContext.&lt;&gt;c__DisplayClass5.&lt;PerformDatabaseInitialization&gt;b__3()
   at System.Data.Entity.Internal.InternalContext.PerformInitializationAction(Action action)
   at System.Data.Entity.Internal.InternalContext.PerformDatabaseInitialization()
   at System.Data.Entity.Internal.LazyInternalContext.&lt;InitializeDatabase&gt;b__4(InternalContext c)
   at System.Data.Entity.Internal.RetryAction`1.PerformAction(TInput input)
   at System.Data.Entity.Internal.LazyInternalContext.InitializeDatabaseAction(Action`1 action)
   at System.Data.Entity.Internal.LazyInternalContext.InitializeDatabase()
   at System.Data.Entity.Internal.InternalContext.GetEntitySetAndBaseTypeForType(Type entityType)
   at System.Data.Entity.Internal.Linq.InternalSet`1.Initialize()
   at System.Data.Entity.Internal.Linq.InternalSet`1.GetEnumerator()
   at System.Data.Entity.Infrastructure.DbQuery`1.System.Collections.Generic.IEnumerable&lt;TResult&gt;.GetEnumerator()
   at System.Collections.Generic.List`1..ctor(IEnumerable`1 collection)
   at System.Linq.Enumerable.ToList[TSource](IEnumerable`1 source)
   at MvcAutoAuction.dal.CatalogDAL.BrandsToList() in C:\Users\cezar\MvcAA\MvcAutoAuction1\MvcAutoAuction\dal\Catalogdal.cs:line 18
   at MvcAutoAuction.Controllers.CatalogController.BrandMenu() in C:\Users\cezar\MvcAA\MvcAutoAuction1\MvcAutoAuction\Controllers\CatalogController.cs:line 76
   at AutoAuctionTest.CatalogControllerTest.BrandMenuTest() in C:\Users\cezar\MvcAA\MvcAutoAuction1\MvcAutoAuction.Tests\CatalogControllerTest.cs:line 100
</StackTrace>
        </ErrorInfo>
      </Output>
    </UnitTestResult>
    <UnitTestResult executionId="98d7be07-4141-41b0-a855-a7d31609150d" testId="85171bda-f0fa-e817-0798-b466eb64c9bb" testName="DetailsTest" computerName="CEZAR-HP" duration="00:00:00.0182149" startTime="2012-07-27T16:35:33.6609664+01:00" endTime="2012-07-27T16:35:33.6909681+01:00" testType="13cdc9d9-ddb5-4fa4-a97d-d965ccfc6d4b" outcome="Failed" testListId="8c84fa94-04c1-424b-9868-57a2d4851a1d" relativeResultsDirectory="98d7be07-4141-41b0-a855-a7d31609150d">
      <Output>
        <ErrorInfo>
          <Message>Test method AutoAuctionTest.CatalogControllerTest.DetailsTest threw exception: 
System.InvalidOperationException: The model backing the 'AutoAuctionEntities' context has changed since the database was created. Either manually delete/update the database, or call Database.SetInitializer with an IDatabaseInitializer instance. For example, the DropCreateDatabaseIfModelChanges strategy will automatically delete and recreate the database, and optionally seed it with new data.</Message>
          <StackTrace>    at System.Data.Entity.CreateDatabaseIfNotExists`1.InitializeDatabase(TContext context)
   at System.Data.Entity.Internal.InternalContext.&lt;&gt;c__DisplayClass5.&lt;PerformDatabaseInitialization&gt;b__3()
   at System.Data.Entity.Internal.InternalContext.PerformInitializationAction(Action action)
   at System.Data.Entity.Internal.InternalContext.PerformDatabaseInitialization()
   at System.Data.Entity.Internal.LazyInternalContext.&lt;InitializeDatabase&gt;b__4(InternalContext c)
   at System.Data.Entity.Internal.RetryAction`1.PerformAction(TInput input)
   at System.Data.Entity.Internal.LazyInternalContext.InitializeDatabaseAction(Action`1 action)
   at System.Data.Entity.Internal.LazyInternalContext.InitializeDatabase()
   at System.Data.Entity.Internal.InternalContext.GetEntitySetAndBaseTypeForType(Type entityType)
   at System.Data.Entity.Internal.Linq.InternalSet`1.Initialize()
   at System.Data.Entity.Internal.Linq.InternalSet`1.get_InternalContext()
   at System.Data.Entity.Internal.Linq.InternalSet`1.Find(Object[] keyValues)
   at System.Data.Entity.DbSet`1.Find(Object[] keyValues)
   at MvcAutoAuction.dal.CatalogDAL.findCarsbyID(Int32 id) in C:\Users\cezar\MvcAA\MvcAutoAuction1\MvcAutoAuction\dal\Catalogdal.cs:line 46
   at MvcAutoAuction.Controllers.CatalogController.Details(Int32 id) in C:\Users\cezar\MvcAA\MvcAutoAuction1\MvcAutoAuction\Controllers\CatalogController.cs:line 61
   at AutoAuctionTest.CatalogControllerTest.DetailsTest() in C:\Users\cezar\MvcAA\MvcAutoAuction1\MvcAutoAuction.Tests\CatalogControllerTest.cs:line 144
</StackTrace>
        </ErrorInfo>
      </Output>
    </UnitTestResult>
    <UnitTestResult executionId="feff6c4c-1999-4a7f-bb40-65c1c8d78a41" testId="98f901f8-d8a8-287c-adbd-9576838af173" testName="BrowseTest" computerName="CEZAR-HP" duration="00:00:00.0104632" startTime="2012-07-27T16:35:33.6979685+01:00" endTime="2012-07-27T16:35:33.7189697+01:00" testType="13cdc9d9-ddb5-4fa4-a97d-d965ccfc6d4b" outcome="Failed" testListId="8c84fa94-04c1-424b-9868-57a2d4851a1d" relativeResultsDirectory="feff6c4c-1999-4a7f-bb40-65c1c8d78a41">
      <Output>
        <ErrorInfo>
          <Message>Test method AutoAuctionTest.CatalogControllerTest.BrowseTest threw exception: 
System.InvalidOperationException: The model backing the 'AutoAuctionEntities' context has changed since the database was created. Either manually delete/update the database, or call Database.SetInitializer with an IDatabaseInitializer instance. For example, the DropCreateDatabaseIfModelChanges strategy will automatically delete and recreate the database, and optionally seed it with new data.</Message>
          <StackTrace>    at System.Data.Entity.CreateDatabaseIfNotExists`1.InitializeDatabase(TContext context)
   at System.Data.Entity.Internal.InternalContext.&lt;&gt;c__DisplayClass5.&lt;PerformDatabaseInitialization&gt;b__3()
   at System.Data.Entity.Internal.InternalContext.PerformInitializationAction(Action action)
   at System.Data.Entity.Internal.InternalContext.PerformDatabaseInitialization()
   at System.Data.Entity.Internal.LazyInternalContext.&lt;InitializeDatabase&gt;b__4(InternalContext c)
   at System.Data.Entity.Internal.RetryAction`1.PerformAction(TInput input)
   at System.Data.Entity.Internal.LazyInternalContext.InitializeDatabaseAction(Action`1 action)
   at System.Data.Entity.Internal.LazyInternalContext.InitializeDatabase()
   at System.Data.Entity.Internal.InternalContext.GetEntitySetAndBaseTypeForType(Type entityType)
   at System.Data.Entity.Internal.Linq.InternalSet`1.Initialize()
   at System.Data.Entity.Internal.Linq.InternalSet`1.Include(String path)
   at System.Data.Entity.Infrastructure.DbQuery`1.Include(String path)
   at MvcAutoAuction.dal.CatalogDAL.browseBrand(String brand) in C:\Users\cezar\MvcAA\MvcAutoAuction1\MvcAutoAuction\dal\Catalogdal.cs:line 38
   at MvcAutoAuction.Controllers.CatalogController.Browse(String brand) in C:\Users\cezar\MvcAA\MvcAutoAuction1\MvcAutoAuction\Controllers\CatalogController.cs:line 50
   at AutoAuctionTest.CatalogControllerTest.BrowseTest() in C:\Users\cezar\MvcAA\MvcAutoAuction1\MvcAutoAuction.Tests\CatalogControllerTest.cs:line 122
</StackTrace>
        </ErrorInfo>
      </Output>
    </UnitTestResult>
    <UnitTestResult executionId="c18bec50-3698-4710-9cd4-dbe7ee4f3b54" testId="a6a34cbd-2a74-2356-cc02-965fae72d0e3" testName="IndexTest" computerName="CEZAR-HP" duration="00:00:00.0099834" startTime="2012-07-27T16:35:33.7319705+01:00" endTime="2012-07-27T16:35:33.7479714+01:00" testType="13cdc9d9-ddb5-4fa4-a97d-d965ccfc6d4b" outcome="Failed" testListId="8c84fa94-04c1-424b-9868-57a2d4851a1d" relativeResultsDirectory="c18bec50-3698-4710-9cd4-dbe7ee4f3b54">
      <Output>
        <ErrorInfo>
          <Message>Test method AutoAuctionTest.CatalogControllerTest.IndexTest threw exception: 
System.InvalidOperationException: The model backing the 'AutoAuctionEntities' context has changed since the database was created. Either manually delete/update the database, or call Database.SetInitializer with an IDatabaseInitializer instance. For example, the DropCreateDatabaseIfModelChanges strategy will automatically delete and recreate the database, and optionally seed it with new data.</Message>
          <StackTrace>    at System.Data.Entity.CreateDatabaseIfNotExists`1.InitializeDatabase(TContext context)
   at System.Data.Entity.Internal.InternalContext.&lt;&gt;c__DisplayClass5.&lt;PerformDatabaseInitialization&gt;b__3()
   at System.Data.Entity.Internal.InternalContext.PerformInitializationAction(Action action)
   at System.Data.Entity.Internal.InternalContext.PerformDatabaseInitialization()
   at System.Data.Entity.Internal.LazyInternalContext.&lt;InitializeDatabase&gt;b__4(InternalContext c)
   at System.Data.Entity.Internal.RetryAction`1.PerformAction(TInput input)
   at System.Data.Entity.Internal.LazyInternalContext.InitializeDatabaseAction(Action`1 action)
   at System.Data.Entity.Internal.LazyInternalContext.InitializeDatabase()
   at System.Data.Entity.Internal.InternalContext.GetEntitySetAndBaseTypeForType(Type entityType)
   at System.Data.Entity.Internal.Linq.InternalSet`1.Initialize()
   at System.Data.Entity.Internal.Linq.InternalSet`1.GetEnumerator()
   at System.Data.Entity.Infrastructure.DbQuery`1.System.Collections.Generic.IEnumerable&lt;TResult&gt;.GetEnumerator()
   at System.Collections.Generic.List`1..ctor(IEnumerable`1 collection)
   at System.Linq.Enumerable.ToList[TSource](IEnumerable`1 source)
   at MvcAutoAuction.dal.CatalogDAL.BrandsToList() in C:\Users\cezar\MvcAA\MvcAutoAuction1\MvcAutoAuction\dal\Catalogdal.cs:line 18
   at MvcAutoAuction.Controllers.CatalogController.Index() in C:\Users\cezar\MvcAA\MvcAutoAuction1\MvcAutoAuction\Controllers\CatalogController.cs:line 35
   at AutoAuctionTest.CatalogControllerTest.IndexTest() in C:\Users\cezar\MvcAA\MvcAutoAuction1\MvcAutoAuction.Tests\CatalogControllerTest.cs:line 165
</StackTrace>
        </ErrorInfo>
      </Output>
    </UnitTestResult>
  </Results>
</TestRun>