<?xml version="1.0" encoding="UTF-8"?>
<TestRun id="3df1a77a-71b1-4bc5-81d1-f3dd85d8b063" name="cezar@CEZAR-HP 2012-07-27 16:38:49" runUser="cezar-HP\cezar" xmlns="http://microsoft.com/schemas/VisualStudio/TeamTest/2010">
  <TestSettings name="Local" id="3740fb54-692b-4acc-b3b6-d647341643d6">
    <Description>These are default test settings for a local test run.</Description>
    <Deployment enabled="false" runDeploymentRoot="cezar_CEZAR-HP 2012-07-27 16_38_49">
      <DeploymentItem filename="C:\Users\cezar\MvcAA\MvcAutoAuction1\packages\EntityFramework.4.1.10331.0\lib\EntityFramework.dll" />
      <DeploymentItem filename="C:\Users\cezar\MvcAA\MvcAutoAuction1\MvcAutoAuction\bin\MvcAutoAuction.dll" />
    </Deployment>
    <Execution>
      <TestTypeSpecific />
      <AgentRule name="Execution Agents">
      </AgentRule>
    </Execution>
  </TestSettings>
  <Times creation="2012-07-27T16:38:49.7901844+01:00" queuing="2012-07-27T16:38:49.8681888+01:00" start="2012-07-27T16:38:49.9071910+01:00" finish="2012-07-27T16:38:51.4442790+01:00" />
  <ResultSummary outcome="Failed">
    <Counters total="3" executed="3" passed="2" error="0" failed="1" timeout="0" aborted="0" inconclusive="0" passedButRunAborted="0" notRunnable="0" notExecuted="0" disconnected="0" warning="0" completed="0" inProgress="0" pending="0" />
  </ResultSummary>
  <TestDefinitions>
    <UnitTest name="BrandMenuTest" storage="c:\users\cezar\mvcaa\mvcautoauction1\mvcautoauction.tests\bin\debug\mvcautoauction.tests.dll" id="28b89350-9519-6c7d-404d-d7931d2eaccb">
      <Execution id="c03d7f65-bae9-43db-a5ea-cc95c965ace7" />
      <TestMethod codeBase="C:/Users/cezar/MvcAA/MvcAutoAuction1/MvcAutoAuction.Tests/bin/Debug/MvcAutoAuction.Tests.DLL" adapterTypeName="Microsoft.VisualStudio.TestTools.TestTypes.Unit.UnitTestAdapter, Microsoft.VisualStudio.QualityTools.Tips.UnitTest.Adapter, Version=10.0.0.0, Culture=neutral, PublicKeyToken=b03f5f7f11d50a3a" className="MvcAutoAuction.Tests.CatalogControllerTest, MvcAutoAuction.Tests, Version=1.0.0.0, Culture=neutral, PublicKeyToken=null" name="BrandMenuTest" />
    </UnitTest>
    <UnitTest name="BiddingForm" storage="c:\users\cezar\mvcaa\mvcautoauction1\mvcautoauction.tests\bin\debug\mvcautoauction.tests.dll" id="b8c21f3d-abff-3ddb-717f-b2a6949fc9d0">
      <Execution id="62864117-7390-4206-a82b-0dccddd43dd6" />
      <TestMethod codeBase="C:/Users/cezar/MvcAA/MvcAutoAuction1/MvcAutoAuction.Tests/bin/Debug/MvcAutoAuction.Tests.DLL" adapterTypeName="Microsoft.VisualStudio.TestTools.TestTypes.Unit.UnitTestAdapter, Microsoft.VisualStudio.QualityTools.Tips.UnitTest.Adapter, Version=10.0.0.0, Culture=neutral, PublicKeyToken=b03f5f7f11d50a3a" className="MvcAutoAuction.Tests.BidControllerTest, MvcAutoAuction.Tests, Version=1.0.0.0, Culture=neutral, PublicKeyToken=null" name="BiddingForm" />
    </UnitTest>
    <UnitTest name="HomeDALConstructorTest" storage="c:\users\cezar\mvcaa\mvcautoauction1\mvcautoauction.tests\bin\debug\mvcautoauction.tests.dll" id="59059c7f-cf7b-ff78-05ce-474a4dc7e7fc">
      <Execution id="2acc121f-23c5-40e3-9844-72a1ee2c1bc2" />
      <TestMethod codeBase="C:/Users/cezar/MvcAA/MvcAutoAuction1/MvcAutoAuction.Tests/bin/Debug/MvcAutoAuction.Tests.DLL" adapterTypeName="Microsoft.VisualStudio.TestTools.TestTypes.Unit.UnitTestAdapter, Microsoft.VisualStudio.QualityTools.Tips.UnitTest.Adapter, Version=10.0.0.0, Culture=neutral, PublicKeyToken=b03f5f7f11d50a3a" className="MvcAutoAuction.Tests.HomeDALTest, MvcAutoAuction.Tests, Version=1.0.0.0, Culture=neutral, PublicKeyToken=null" name="HomeDALConstructorTest" />
    </UnitTest>
  </TestDefinitions>
  <TestLists>
    <TestList name="Results Not in a List" id="8c84fa94-04c1-424b-9868-57a2d4851a1d" />
    <TestList name="All Loaded Results" id="19431567-8539-422a-85d7-44ee4e166bda" />
  </TestLists>
  <TestEntries>
    <TestEntry testId="28b89350-9519-6c7d-404d-d7931d2eaccb" executionId="c03d7f65-bae9-43db-a5ea-cc95c965ace7" testListId="8c84fa94-04c1-424b-9868-57a2d4851a1d" />
    <TestEntry testId="59059c7f-cf7b-ff78-05ce-474a4dc7e7fc" executionId="2acc121f-23c5-40e3-9844-72a1ee2c1bc2" testListId="8c84fa94-04c1-424b-9868-57a2d4851a1d" />
    <TestEntry testId="b8c21f3d-abff-3ddb-717f-b2a6949fc9d0" executionId="62864117-7390-4206-a82b-0dccddd43dd6" testListId="8c84fa94-04c1-424b-9868-57a2d4851a1d" />
  </TestEntries>
  <Results>
    <UnitTestResult executionId="c03d7f65-bae9-43db-a5ea-cc95c965ace7" testId="28b89350-9519-6c7d-404d-d7931d2eaccb" testName="BrandMenuTest" computerName="CEZAR-HP" duration="00:00:01.0626132" startTime="2012-07-27T16:38:49.9461933+01:00" endTime="2012-07-27T16:38:51.3322726+01:00" testType="13cdc9d9-ddb5-4fa4-a97d-d965ccfc6d4b" outcome="Failed" testListId="8c84fa94-04c1-424b-9868-57a2d4851a1d" relativeResultsDirectory="c03d7f65-bae9-43db-a5ea-cc95c965ace7">
      <Output>
        <ErrorInfo>
          <Message>Test method MvcAutoAuction.Tests.CatalogControllerTest.BrandMenuTest threw exception: 
System.InvalidOperationException: The model backing the 'AutoAuctionEntities' context has changed since the database was created. Either manually delete/update the database, or call Database.SetInitializer with an IDatabaseInitializer instance. For example, the DropCreateDatabaseIfModelChanges strategy will automatically delete and recreate the database, and optionally seed it with new data.</Message>
          <StackTrace>    at System.Data.Entity.CreateDatabaseIfNotExists`1.InitializeDatabase(TContext context)
   at System.Data.Entity.Internal.InternalContext.&lt;&gt;c__DisplayClass5.&lt;PerformDatabaseInitialization&gt;b__3()
   at System.Data.Entity.Internal.InternalContext.PerformInitializationAction(Action action)
   at System.Data.Entity.Internal.InternalContext.PerformDatabaseInitialization()
   at System.Data.Entity.Internal.LazyInternalContext.&lt;InitializeDatabase&gt;b__4(InternalContext c)
   at System.Data.Entity.Internal.RetryAction`1.PerformAction(TInput input)
   at System.Data.Entity.Internal.LazyInternalContext.InitializeDatabaseAction(Action`1 action)
   at System.Data.Entity.Internal.LazyInternalContext.InitializeDatabase()
   at System.Data.Entity.Internal.InternalContext.GetEntitySetAndBaseTypeForType(Type entityType)
   at System.Data.Entity.Internal.Linq.InternalSet`1.Initialize()
   at System.Data.Entity.Internal.Linq.InternalSet`1.GetEnumerator()
   at System.Data.Entity.Infrastructure.DbQuery`1.System.Collections.Generic.IEnumerable&lt;TResult&gt;.GetEnumerator()
   at System.Collections.Generic.List`1..ctor(IEnumerable`1 collection)
   at System.Linq.Enumerable.ToList[TSource](IEnumerable`1 source)
   at MvcAutoAuction.dal.CatalogDAL.BrandsToList() in C:\Users\cezar\MvcAA\MvcAutoAuction1\MvcAutoAuction\dal\Catalogdal.cs:line 18
   at MvcAutoAuction.Controllers.CatalogController.BrandMenu() in C:\Users\cezar\MvcAA\MvcAutoAuction1\MvcAutoAuction\Controllers\CatalogController.cs:line 76
   at MvcAutoAuction.Tests.CatalogControllerTest.BrandMenuTest() in C:\Users\cezar\MvcAA\MvcAutoAuction1\MvcAutoAuction.Tests\CatalogControllerTest.cs:line 82
</StackTrace>
        </ErrorInfo>
      </Output>
    </UnitTestResult>
    <UnitTestResult executionId="2acc121f-23c5-40e3-9844-72a1ee2c1bc2" testId="59059c7f-cf7b-ff78-05ce-474a4dc7e7fc" testName="HomeDALConstructorTest" computerName="CEZAR-HP" duration="00:00:00.0007975" startTime="2012-07-27T16:38:51.3412731+01:00" endTime="2012-07-27T16:38:51.3532738+01:00" testType="13cdc9d9-ddb5-4fa4-a97d-d965ccfc6d4b" outcome="Passed" testListId="8c84fa94-04c1-424b-9868-57a2d4851a1d" relativeResultsDirectory="2acc121f-23c5-40e3-9844-72a1ee2c1bc2">
    </UnitTestResult>
    <UnitTestResult executionId="62864117-7390-4206-a82b-0dccddd43dd6" testId="b8c21f3d-abff-3ddb-717f-b2a6949fc9d0" testName="BiddingForm" computerName="CEZAR-HP" duration="00:00:00.0008640" startTime="2012-07-27T16:38:51.3572740+01:00" endTime="2012-07-27T16:38:51.3682746+01:00" testType="13cdc9d9-ddb5-4fa4-a97d-d965ccfc6d4b" outcome="Passed" testListId="8c84fa94-04c1-424b-9868-57a2d4851a1d" relativeResultsDirectory="62864117-7390-4206-a82b-0dccddd43dd6">
    </UnitTestResult>
  </Results>
</TestRun>