<?xml version="1.0" encoding="UTF-8"?>
<TestRun id="58bbbbeb-3d65-4e89-8369-70c541491ddb" name="cezar@CEZAR-HP 2012-07-27 16:24:14" runUser="cezar-HP\cezar" xmlns="http://microsoft.com/schemas/VisualStudio/TeamTest/2010">
  <TestSettings name="Local" id="3740fb54-692b-4acc-b3b6-d647341643d6">
    <Description>These are default test settings for a local test run.</Description>
    <Deployment enabled="false" runDeploymentRoot="cezar_CEZAR-HP 2012-07-27 16_24_14">
      <DeploymentItem filename="C:\Users\cezar\MvcAA\MvcAutoAuction1\packages\EntityFramework.4.1.10331.0\lib\EntityFramework.dll" />
      <DeploymentItem filename="C:\Users\cezar\MvcAA\MvcAutoAuction1\MvcAutoAuction\bin\MvcAutoAuction.dll" />
    </Deployment>
    <Execution>
      <TestTypeSpecific />
      <AgentRule name="Execution Agents">
      </AgentRule>
    </Execution>
  </TestSettings>
  <Times creation="2012-07-27T16:24:14.4861198+01:00" queuing="2012-07-27T16:24:14.5551238+01:00" start="2012-07-27T16:24:14.6121270+01:00" finish="2012-07-27T16:24:18.1103271+01:00" />
  <ResultSummary outcome="Failed">
    <Counters total="3" executed="3" passed="2" error="0" failed="1" timeout="0" aborted="0" inconclusive="0" passedButRunAborted="0" notRunnable="0" notExecuted="0" disconnected="0" warning="0" completed="0" inProgress="0" pending="0" />
  </ResultSummary>
  <TestDefinitions>
    <UnitTest name="BrowseTest" storage="c:\users\cezar\mvcaa\mvcautoauction1\mvcautoauction.tests\bin\debug\mvcautoauction.tests.dll" id="c11b2c8a-7989-b04f-be81-63164dedf878">
      <Execution id="8c94df43-20c7-425f-bdb0-a1b42ff05a78" />
      <TestMethod codeBase="C:/Users/cezar/MvcAA/MvcAutoAuction1/MvcAutoAuction.Tests/bin/Debug/MvcAutoAuction.Tests.DLL" adapterTypeName="Microsoft.VisualStudio.TestTools.TestTypes.Unit.UnitTestAdapter, Microsoft.VisualStudio.QualityTools.Tips.UnitTest.Adapter, Version=10.0.0.0, Culture=neutral, PublicKeyToken=b03f5f7f11d50a3a" className="MvcAutoAuction.Tests.CatalogControllerTest, MvcAutoAuction.Tests, Version=1.0.0.0, Culture=neutral, PublicKeyToken=null" name="BrowseTest" />
    </UnitTest>
    <UnitTest name="BiddingForm" storage="c:\users\cezar\mvcaa\mvcautoauction1\mvcautoauction.tests\bin\debug\mvcautoauction.tests.dll" id="b8c21f3d-abff-3ddb-717f-b2a6949fc9d0">
      <Execution id="b2f9de47-9ca9-4250-b389-1ad41f8963ba" />
      <TestMethod codeBase="C:/Users/cezar/MvcAA/MvcAutoAuction1/MvcAutoAuction.Tests/bin/Debug/MvcAutoAuction.Tests.DLL" adapterTypeName="Microsoft.VisualStudio.TestTools.TestTypes.Unit.UnitTestAdapter, Microsoft.VisualStudio.QualityTools.Tips.UnitTest.Adapter, Version=10.0.0.0, Culture=neutral, PublicKeyToken=b03f5f7f11d50a3a" className="MvcAutoAuction.Tests.BidControllerTest, MvcAutoAuction.Tests, Version=1.0.0.0, Culture=neutral, PublicKeyToken=null" name="BiddingForm" />
    </UnitTest>
    <UnitTest name="HomeDALConstructorTest" storage="c:\users\cezar\mvcaa\mvcautoauction1\mvcautoauction.tests\bin\debug\mvcautoauction.tests.dll" id="59059c7f-cf7b-ff78-05ce-474a4dc7e7fc">
      <Execution id="b7ae26ad-76b3-4ee4-ad5c-ca14feccda5f" />
      <TestMethod codeBase="C:/Users/cezar/MvcAA/MvcAutoAuction1/MvcAutoAuction.Tests/bin/Debug/MvcAutoAuction.Tests.DLL" adapterTypeName="Microsoft.VisualStudio.TestTools.TestTypes.Unit.UnitTestAdapter, Microsoft.VisualStudio.QualityTools.Tips.UnitTest.Adapter, Version=10.0.0.0, Culture=neutral, PublicKeyToken=b03f5f7f11d50a3a" className="MvcAutoAuction.Tests.HomeDALTest, MvcAutoAuction.Tests, Version=1.0.0.0, Culture=neutral, PublicKeyToken=null" name="HomeDALConstructorTest" />
    </UnitTest>
  </TestDefinitions>
  <TestLists>
    <TestList name="Results Not in a List" id="8c84fa94-04c1-424b-9868-57a2d4851a1d" />
    <TestList name="All Loaded Results" id="19431567-8539-422a-85d7-44ee4e166bda" />
  </TestLists>
  <TestEntries>
    <TestEntry testId="59059c7f-cf7b-ff78-05ce-474a4dc7e7fc" executionId="b7ae26ad-76b3-4ee4-ad5c-ca14feccda5f" testListId="8c84fa94-04c1-424b-9868-57a2d4851a1d" />
    <TestEntry testId="b8c21f3d-abff-3ddb-717f-b2a6949fc9d0" executionId="b2f9de47-9ca9-4250-b389-1ad41f8963ba" testListId="8c84fa94-04c1-424b-9868-57a2d4851a1d" />
    <TestEntry testId="c11b2c8a-7989-b04f-be81-63164dedf878" executionId="8c94df43-20c7-425f-bdb0-a1b42ff05a78" testListId="8c84fa94-04c1-424b-9868-57a2d4851a1d" />
  </TestEntries>
  <Results>
    <UnitTestResult executionId="b7ae26ad-76b3-4ee4-ad5c-ca14feccda5f" testId="59059c7f-cf7b-ff78-05ce-474a4dc7e7fc" testName="HomeDALConstructorTest" computerName="CEZAR-HP" duration="00:00:00.0690197" startTime="2012-07-27T16:24:14.6221276+01:00" endTime="2012-07-27T16:24:14.9921488+01:00" testType="13cdc9d9-ddb5-4fa4-a97d-d965ccfc6d4b" outcome="Passed" testListId="8c84fa94-04c1-424b-9868-57a2d4851a1d" relativeResultsDirectory="b7ae26ad-76b3-4ee4-ad5c-ca14feccda5f">
    </UnitTestResult>
    <UnitTestResult executionId="b2f9de47-9ca9-4250-b389-1ad41f8963ba" testId="b8c21f3d-abff-3ddb-717f-b2a6949fc9d0" testName="BiddingForm" computerName="CEZAR-HP" duration="00:00:00.0205019" startTime="2012-07-27T16:24:14.9971491+01:00" endTime="2012-07-27T16:24:15.0231505+01:00" testType="13cdc9d9-ddb5-4fa4-a97d-d965ccfc6d4b" outcome="Passed" testListId="8c84fa94-04c1-424b-9868-57a2d4851a1d" relativeResultsDirectory="b2f9de47-9ca9-4250-b389-1ad41f8963ba">
    </UnitTestResult>
    <UnitTestResult executionId="8c94df43-20c7-425f-bdb0-a1b42ff05a78" testId="c11b2c8a-7989-b04f-be81-63164dedf878" testName="BrowseTest" computerName="CEZAR-HP" duration="00:00:01.5259205" startTime="2012-07-27T16:24:15.0251507+01:00" endTime="2012-07-27T16:24:16.5572383+01:00" testType="13cdc9d9-ddb5-4fa4-a97d-d965ccfc6d4b" outcome="Failed" testListId="8c84fa94-04c1-424b-9868-57a2d4851a1d" relativeResultsDirectory="8c94df43-20c7-425f-bdb0-a1b42ff05a78">
      <Output>
        <ErrorInfo>
          <Message>Test method MvcAutoAuction.Tests.CatalogControllerTest.BrowseTest threw exception: 
System.InvalidOperationException: The model backing the 'AutoAuctionEntities' context has changed since the database was created. Either manually delete/update the database, or call Database.SetInitializer with an IDatabaseInitializer instance. For example, the DropCreateDatabaseIfModelChanges strategy will automatically delete and recreate the database, and optionally seed it with new data.</Message>
          <StackTrace>    at System.Data.Entity.CreateDatabaseIfNotExists`1.InitializeDatabase(TContext context)
   at System.Data.Entity.Internal.InternalContext.&lt;&gt;c__DisplayClass5.&lt;PerformDatabaseInitialization&gt;b__3()
   at System.Data.Entity.Internal.InternalContext.PerformInitializationAction(Action action)
   at System.Data.Entity.Internal.InternalContext.PerformDatabaseInitialization()
   at System.Data.Entity.Internal.LazyInternalContext.&lt;InitializeDatabase&gt;b__4(InternalContext c)
   at System.Data.Entity.Internal.RetryAction`1.PerformAction(TInput input)
   at System.Data.Entity.Internal.LazyInternalContext.InitializeDatabaseAction(Action`1 action)
   at System.Data.Entity.Internal.LazyInternalContext.InitializeDatabase()
   at System.Data.Entity.Internal.InternalContext.GetEntitySetAndBaseTypeForType(Type entityType)
   at System.Data.Entity.Internal.Linq.InternalSet`1.Initialize()
   at System.Data.Entity.Internal.Linq.InternalSet`1.Include(String path)
   at System.Data.Entity.Infrastructure.DbQuery`1.Include(String path)
   at MvcAutoAuction.dal.CatalogDAL.browseBrand(String brand) in C:\Users\cezar\MvcAA\MvcAutoAuction1\MvcAutoAuction\dal\Catalogdal.cs:line 38
   at MvcAutoAuction.Controllers.CatalogController.Browse(String brand) in C:\Users\cezar\MvcAA\MvcAutoAuction1\MvcAutoAuction\Controllers\CatalogController.cs:line 50
   at MvcAutoAuction.Tests.CatalogControllerTest.BrowseTest() in C:\Users\cezar\MvcAA\MvcAutoAuction1\MvcAutoAuction.Tests\CatalogControllerTest.cs:line 84
</StackTrace>
        </ErrorInfo>
      </Output>
    </UnitTestResult>
  </Results>
</TestRun>